[handleMsg]:  {
  key: {
    remoteJid: '573001382233@s.whatsapp.net',
    fromMe: false,
    id: 'AA06E853A3C8AFA552865DE4E1380287',
    participant: undefined
  },
  messageTimestamp: 1684132766,
  pushName: 'Kev',
  message: Message {
    conversation: '.menu',
    messageContextInfo: MessageContextInfo {
      deviceListMetadata: [DeviceListMetadata],
      deviceListMetadataVersion: 2
    }
  },
  body: '.menu',
  from: '573001382233'
}
[handleMsg]:  {
  key: {
    remoteJid: '573001382233@s.whatsapp.net',
    fromMe: false,
    id: '1B1FF9EBC07F0C99A05B5D74B3EBF148',
    participant: undefined
  },
  messageTimestamp: 1684132769,
  pushName: 'Kev',
  message: Message {
    conversation: 'Ia',
    messageContextInfo: MessageContextInfo {
      deviceListMetadata: [DeviceListMetadata],
      deviceListMetadataVersion: 2
    }
  },
  body: 'Ia',
  from: '573001382233'
}
